==68419== Memcheck, a memory error detector
==68419== Copyright (C) 2002-2022, and GNU GPL'd, by Julian Seward et al.
==68419== Using Valgrind-3.22.0 and LibVEX; rerun with -h for copyright info
==68419== Command: build/bin/main
==68419== 
==68419== 
==68419== HEAP SUMMARY:
==68419==     in use at exit: 136,910 bytes in 448 blocks
==68419==   total heap usage: 5,113 allocs, 4,665 frees, 248,824 bytes allocated
==68419== 
==68419== LEAK SUMMARY:
==68419==    definitely lost: 0 bytes in 0 blocks
==68419==    indirectly lost: 0 bytes in 0 blocks
==68419==      possibly lost: 712 bytes in 9 blocks
==68419==    still reachable: 136,198 bytes in 439 blocks
==68419==         suppressed: 0 bytes in 0 blocks
==68419== Rerun with --leak-check=full to see details of leaked memory
==68419== 
==68419== For lists of detected and suppressed errors, rerun with: -s
==68419== ERROR SUMMARY: 0 errors from 0 contexts (suppressed: 0 from 0)
